

Processing HomeController#index (for 127.0.0.1 at 2010-09-13 10:48:22) [GET]
Redirected to /session/new
Filter chain halted as [:login_required] rendered_or_redirected.
Completed in 2ms (DB: 0) | 302 Found [http://localhost/]


Processing SessionsController#new (for 127.0.0.1 at 2010-09-13 10:48:22) [GET]
Rendering template within layouts/login
Rendering sessions/new
Completed in 16ms (View: 11, DB: 0) | 200 OK [http://localhost/session/new]


Processing SessionsController#create (for 127.0.0.1 at 2010-09-13 10:48:33) [POST]
  Parameters: {"commit"=>"Entrar", "authenticity_token"=>"fb73f7787294f73820a1fc16d53287453f437522", "login"=>"Administrador", "password"=>"s3inf09"}
Redirected to /
Completed in 10ms (DB: 2) | 302 Found [http://localhost/session]


Processing HomeController#index (for 127.0.0.1 at 2010-09-13 10:48:33) [GET]
Rendering template within layouts/application
Rendering home/index
Completed in 39ms (View: 32, DB: 0) | 200 OK [http://localhost/]


Processing CriancasController#index (for 127.0.0.1 at 2010-09-13 10:48:37) [GET]
Rendering template within layouts/application
Rendering criancas/index
Completed in 962ms (View: 285, DB: 244) | 200 OK [http://localhost/criancas]


Processing CriancasController#consulta (for 127.0.0.1 at 2010-09-13 10:48:41) [POST]
  Parameters: {"authenticity_token"=>"fb73f7787294f73820a1fc16d53287453f437522"}
Completed in 942ms (View: 518, DB: 75) | 200 OK [http://localhost/criancas/consulta]


Processing CriancasController#relatorio (for 127.0.0.1 at 2010-09-13 10:48:47) [POST]
  Parameters: {"authenticity_token"=>"fb73f7787294f73820a1fc16d53287453f437522"}
Completed in 4337ms (View: 538, DB: 3418) | 200 OK [http://localhost/criancas/relatorio]
